2021-05-28 12:53:11,733 [Worker-0: Loading available Gradle versions] INFO  o.e.b.c.i.u.g.PublishedGradleVersions - Gradle version information cache is up-to-date. Trying to read.
2021-05-28 13:00:22,088 [Worker-3: Loading available Gradle versions] INFO  o.e.b.c.i.u.g.PublishedGradleVersions - Gradle version information cache is up-to-date. Trying to read.
2021-05-28 13:01:50,233 [Worker-0: Loading available Gradle versions] INFO  o.e.b.c.i.u.g.PublishedGradleVersions - Gradle version information cache is up-to-date. Trying to read.
2021-05-28 13:02:57,693 [Worker-0: Loading available Gradle versions] INFO  o.e.b.c.i.u.g.PublishedGradleVersions - Gradle version information cache is up-to-date. Trying to read.
2021-05-28 13:03:48,363 [Worker-18: Importing Maven projects] INFO  o.e.m.c.i.l.LifecycleMappingFactory - Using org.eclipse.m2e.jdt.JarLifecycleMapping lifecycle mapping for MavenProject: QualityKiosksTraining:OrangeHRMAppTestingUsingCucumber:1.0 @ C:\Users\Amit\Desktop\QK\qualitykioskstraining-master\qualitykioskstraining-master\TestCasesProject\OrangeHRMAppTestingUsingCucumber\pom.xml.
2021-05-28 13:03:48,396 [Worker-18: Importing Maven projects] WARN  o.e.m.c.i.embedder.EclipseLogger - The POM for QualityKiosksTraining:AutomationFrameworkAPI:jar:13.0 is missing, no dependency information available
2021-05-28 13:03:48,707 [Worker-18: Importing Maven projects] INFO  o.e.m.c.i.l.LifecycleMappingFactory - Using org.eclipse.m2e.jdt.JarLifecycleMapping lifecycle mapping for MavenProject: QualityKiosksTraining:OrangeHRMTestCases:1.0 @ C:\Users\Amit\Desktop\QK\qualitykioskstraining-master\qualitykioskstraining-master\TestCasesProject\OrangeHRMTestCases\pom.xml.
2021-05-28 13:03:50,506 [Worker-18: Importing Maven projects] INFO  o.e.m.j.i.AbstractJavaProjectConfigurator - Adding source folder /OrangeHRMAppTestingUsingCucumber/src/main/java
2021-05-28 13:03:50,508 [Worker-18: Importing Maven projects] INFO  o.e.m.j.i.AbstractJavaProjectConfigurator - Adding source folder /OrangeHRMAppTestingUsingCucumber/src/test/java
2021-05-28 13:03:50,677 [Worker-18: Importing Maven projects] INFO  o.e.m.j.i.AbstractJavaProjectConfigurator - Adding source folder /OrangeHRMTestCases/src/main/java
2021-05-28 13:03:50,678 [Worker-18: Importing Maven projects] INFO  o.e.m.j.i.AbstractJavaProjectConfigurator - Adding source folder /OrangeHRMTestCases/src/test/java
2021-05-28 13:03:50,740 [Worker-18: Importing Maven projects] INFO  o.e.m.c.i.p.ProjectConfigurationManager - Imported and configured 2 project(s) in 7 sec
2021-05-28 13:03:51,605 [Worker-16: Building] WARN  o.e.m.c.i.embedder.EclipseLogger - The POM for QualityKiosksTraining:AutomationFrameworkAPI:jar:13.0 is missing, no dependency information available
2021-05-28 13:03:51,740 [Worker-16: Building] INFO  o.e.m.c.i.embedder.EclipseLogger - Using 'UTF-8' encoding to copy filtered resources.
2021-05-28 13:03:51,741 [Worker-16: Building] INFO  o.e.m.c.i.embedder.EclipseLogger - skip non existing resourceDirectory C:\Users\Amit\Desktop\QK\qualitykioskstraining-master\qualitykioskstraining-master\TestCasesProject\OrangeHRMAppTestingUsingCucumber\src\main\resources
2021-05-28 13:03:51,745 [Worker-16: Building] INFO  o.e.m.c.i.embedder.EclipseLogger - Using 'UTF-8' encoding to copy filtered resources.
2021-05-28 13:03:51,745 [Worker-16: Building] INFO  o.e.m.c.i.embedder.EclipseLogger - skip non existing resourceDirectory C:\Users\Amit\Desktop\QK\qualitykioskstraining-master\qualitykioskstraining-master\TestCasesProject\OrangeHRMAppTestingUsingCucumber\src\test\resources
2021-05-28 13:03:51,842 [Worker-16: Building] WARN  o.e.m.c.i.embedder.EclipseLogger - The POM for QualityKiosksTraining:AutomationFrameworkAPI:jar:13.0 is missing, no dependency information available
2021-05-28 13:03:51,870 [Worker-16: Building] INFO  o.e.m.c.i.embedder.EclipseLogger - Using 'UTF-8' encoding to copy filtered resources.
2021-05-28 13:03:51,870 [Worker-16: Building] INFO  o.e.m.c.i.embedder.EclipseLogger - skip non existing resourceDirectory C:\Users\Amit\Desktop\QK\qualitykioskstraining-master\qualitykioskstraining-master\TestCasesProject\OrangeHRMTestCases\src\main\resources
2021-05-28 13:03:51,874 [Worker-16: Building] INFO  o.e.m.c.i.embedder.EclipseLogger - Using 'UTF-8' encoding to copy filtered resources.
2021-05-28 13:03:51,874 [Worker-16: Building] INFO  o.e.m.c.i.embedder.EclipseLogger - skip non existing resourceDirectory C:\Users\Amit\Desktop\QK\qualitykioskstraining-master\qualitykioskstraining-master\TestCasesProject\OrangeHRMTestCases\src\test\resources
2021-05-28 13:04:10,745 [Worker-0: Building] INFO  o.e.m.c.i.l.LifecycleMappingFactory - Using org.eclipse.m2e.jdt.JarLifecycleMapping lifecycle mapping for MavenProject: QualityKiosksTraining:OrangeHRMAppTestingUsingCucumber:1.0 @ C:\Users\Amit\Desktop\QK\qualitykioskstraining-master\qualitykioskstraining-master\TestCasesProject\OrangeHRMAppTestingUsingCucumber\pom.xml.
2021-05-28 13:04:11,210 [Worker-0: Building] INFO  o.e.m.c.i.embedder.EclipseLogger - Using 'UTF-8' encoding to copy filtered resources.
2021-05-28 13:04:11,210 [Worker-0: Building] INFO  o.e.m.c.i.embedder.EclipseLogger - skip non existing resourceDirectory C:\Users\Amit\Desktop\QK\qualitykioskstraining-master\qualitykioskstraining-master\TestCasesProject\OrangeHRMAppTestingUsingCucumber\src\main\resources
2021-05-28 13:04:11,211 [Worker-0: Building] INFO  o.e.m.c.i.embedder.EclipseLogger - Using 'UTF-8' encoding to copy filtered resources.
2021-05-28 13:04:11,211 [Worker-0: Building] INFO  o.e.m.c.i.embedder.EclipseLogger - skip non existing resourceDirectory C:\Users\Amit\Desktop\QK\qualitykioskstraining-master\qualitykioskstraining-master\TestCasesProject\OrangeHRMAppTestingUsingCucumber\src\test\resources
2021-05-28 13:04:12,901 [Worker-12: Building] INFO  o.e.m.c.i.embedder.EclipseLogger - Using 'UTF-8' encoding to copy filtered resources.
2021-05-28 13:04:12,901 [Worker-12: Building] INFO  o.e.m.c.i.embedder.EclipseLogger - skip non existing resourceDirectory C:\Users\Amit\Desktop\QK\qualitykioskstraining-master\qualitykioskstraining-master\TestCasesProject\OrangeHRMAppTestingUsingCucumber\src\main\resources
2021-05-28 13:04:12,904 [Worker-12: Building] INFO  o.e.m.c.i.embedder.EclipseLogger - Using 'UTF-8' encoding to copy filtered resources.
2021-05-28 13:04:12,904 [Worker-12: Building] INFO  o.e.m.c.i.embedder.EclipseLogger - skip non existing resourceDirectory C:\Users\Amit\Desktop\QK\qualitykioskstraining-master\qualitykioskstraining-master\TestCasesProject\OrangeHRMAppTestingUsingCucumber\src\test\resources
2021-05-28 13:04:18,559 [Worker-6: Building] INFO  o.e.m.c.i.l.LifecycleMappingFactory - Using org.eclipse.m2e.jdt.JarLifecycleMapping lifecycle mapping for MavenProject: QualityKiosksTraining:OrangeHRMTestCases:1.0 @ C:\Users\Amit\Desktop\QK\qualitykioskstraining-master\qualitykioskstraining-master\TestCasesProject\OrangeHRMTestCases\pom.xml.
2021-05-28 13:04:18,845 [Worker-6: Building] INFO  o.e.m.c.i.embedder.EclipseLogger - Using 'UTF-8' encoding to copy filtered resources.
2021-05-28 13:04:18,845 [Worker-6: Building] INFO  o.e.m.c.i.embedder.EclipseLogger - skip non existing resourceDirectory C:\Users\Amit\Desktop\QK\qualitykioskstraining-master\qualitykioskstraining-master\TestCasesProject\OrangeHRMTestCases\src\main\resources
2021-05-28 13:04:18,847 [Worker-6: Building] INFO  o.e.m.c.i.embedder.EclipseLogger - Using 'UTF-8' encoding to copy filtered resources.
2021-05-28 13:04:18,847 [Worker-6: Building] INFO  o.e.m.c.i.embedder.EclipseLogger - skip non existing resourceDirectory C:\Users\Amit\Desktop\QK\qualitykioskstraining-master\qualitykioskstraining-master\TestCasesProject\OrangeHRMTestCases\src\test\resources
2021-05-28 13:04:20,286 [Worker-8: Building] INFO  o.e.m.c.i.embedder.EclipseLogger - Using 'UTF-8' encoding to copy filtered resources.
2021-05-28 13:04:20,287 [Worker-8: Building] INFO  o.e.m.c.i.embedder.EclipseLogger - skip non existing resourceDirectory C:\Users\Amit\Desktop\QK\qualitykioskstraining-master\qualitykioskstraining-master\TestCasesProject\OrangeHRMTestCases\src\main\resources
2021-05-28 13:04:20,289 [Worker-8: Building] INFO  o.e.m.c.i.embedder.EclipseLogger - Using 'UTF-8' encoding to copy filtered resources.
2021-05-28 13:04:20,290 [Worker-8: Building] INFO  o.e.m.c.i.embedder.EclipseLogger - skip non existing resourceDirectory C:\Users\Amit\Desktop\QK\qualitykioskstraining-master\qualitykioskstraining-master\TestCasesProject\OrangeHRMTestCases\src\test\resources
2021-05-28 13:05:40,450 [Worker-2: Building] INFO  o.e.m.c.i.embedder.EclipseLogger - Using 'UTF-8' encoding to copy filtered resources.
2021-05-28 13:05:40,450 [Worker-2: Building] INFO  o.e.m.c.i.embedder.EclipseLogger - skip non existing resourceDirectory C:\Users\Amit\Desktop\QK\qualitykioskstraining-master\qualitykioskstraining-master\TestCasesProject\OrangeHRMTestCases\src\main\resources
2021-05-28 13:05:40,452 [Worker-2: Building] INFO  o.e.m.c.i.embedder.EclipseLogger - Using 'UTF-8' encoding to copy filtered resources.
2021-05-28 13:05:40,453 [Worker-2: Building] INFO  o.e.m.c.i.embedder.EclipseLogger - skip non existing resourceDirectory C:\Users\Amit\Desktop\QK\qualitykioskstraining-master\qualitykioskstraining-master\TestCasesProject\OrangeHRMTestCases\src\test\resources
2021-05-28 13:06:32,420 [Worker-5: Building] INFO  o.e.m.c.i.embedder.EclipseLogger - Using 'UTF-8' encoding to copy filtered resources.
2021-05-28 13:06:32,421 [Worker-5: Building] INFO  o.e.m.c.i.embedder.EclipseLogger - skip non existing resourceDirectory C:\Users\Amit\Desktop\QK\qualitykioskstraining-master\qualitykioskstraining-master\TestCasesProject\OrangeHRMTestCases\src\main\resources
2021-05-28 13:06:32,423 [Worker-5: Building] INFO  o.e.m.c.i.embedder.EclipseLogger - Using 'UTF-8' encoding to copy filtered resources.
2021-05-28 13:06:32,423 [Worker-5: Building] INFO  o.e.m.c.i.embedder.EclipseLogger - skip non existing resourceDirectory C:\Users\Amit\Desktop\QK\qualitykioskstraining-master\qualitykioskstraining-master\TestCasesProject\OrangeHRMTestCases\src\test\resources
2021-05-28 13:06:53,663 [Worker-5: Building] INFO  o.e.m.c.i.embedder.EclipseLogger - Using 'UTF-8' encoding to copy filtered resources.
2021-05-28 13:06:53,664 [Worker-5: Building] INFO  o.e.m.c.i.embedder.EclipseLogger - skip non existing resourceDirectory C:\Users\Amit\Desktop\QK\qualitykioskstraining-master\qualitykioskstraining-master\TestCasesProject\OrangeHRMTestCases\src\main\resources
2021-05-28 13:06:53,666 [Worker-5: Building] INFO  o.e.m.c.i.embedder.EclipseLogger - Using 'UTF-8' encoding to copy filtered resources.
2021-05-28 13:06:53,666 [Worker-5: Building] INFO  o.e.m.c.i.embedder.EclipseLogger - skip non existing resourceDirectory C:\Users\Amit\Desktop\QK\qualitykioskstraining-master\qualitykioskstraining-master\TestCasesProject\OrangeHRMTestCases\src\test\resources
2021-05-28 13:08:44,439 [Worker-5: Updating Maven Project] INFO  o.e.m.c.i.p.ProjectConfigurationManager - Update started
2021-05-28 13:08:45,055 [Worker-5: Updating Maven Project] INFO  o.e.m.c.i.l.LifecycleMappingFactory - Using org.eclipse.m2e.jdt.JarLifecycleMapping lifecycle mapping for MavenProject: QualityKiosksTraining:OrangeHRMAppTestingUsingCucumber:1.0 @ C:\Users\Amit\Desktop\QK\qualitykioskstraining-master\qualitykioskstraining-master\TestCasesProject\OrangeHRMAppTestingUsingCucumber\pom.xml.
2021-05-28 13:08:45,309 [Worker-5: Updating Maven Project] INFO  o.e.m.c.i.l.LifecycleMappingFactory - Using org.eclipse.m2e.jdt.JarLifecycleMapping lifecycle mapping for MavenProject: QualityKiosksTraining:OrangeHRMTestCases:1.0 @ C:\Users\Amit\Desktop\QK\qualitykioskstraining-master\qualitykioskstraining-master\TestCasesProject\OrangeHRMTestCases\pom.xml.
2021-05-28 13:08:45,856 [Worker-5: Updating Maven Project] INFO  o.e.m.j.i.AbstractJavaProjectConfigurator - Adding source folder /OrangeHRMAppTestingUsingCucumber/src/main/java
2021-05-28 13:08:45,858 [Worker-5: Updating Maven Project] INFO  o.e.m.j.i.AbstractJavaProjectConfigurator - Adding source folder /OrangeHRMAppTestingUsingCucumber/src/test/java
2021-05-28 13:08:46,137 [Worker-5: Updating Maven Project] INFO  o.e.m.j.i.AbstractJavaProjectConfigurator - Adding source folder /OrangeHRMTestCases/src/main/java
2021-05-28 13:08:46,138 [Worker-5: Updating Maven Project] INFO  o.e.m.j.i.AbstractJavaProjectConfigurator - Adding source folder /OrangeHRMTestCases/src/test/java
2021-05-28 13:08:46,454 [Worker-5: Updating Maven Project] INFO  o.e.m.c.i.p.ProjectConfigurationManager - Update completed: 2 sec
2021-05-28 13:08:46,928 [Worker-21: Building] INFO  o.e.m.c.i.embedder.EclipseLogger - Using 'UTF-8' encoding to copy filtered resources.
2021-05-28 13:08:46,929 [Worker-21: Building] INFO  o.e.m.c.i.embedder.EclipseLogger - skip non existing resourceDirectory C:\Users\Amit\Desktop\QK\qualitykioskstraining-master\qualitykioskstraining-master\TestCasesProject\OrangeHRMAppTestingUsingCucumber\src\main\resources
2021-05-28 13:08:46,932 [Worker-21: Building] INFO  o.e.m.c.i.embedder.EclipseLogger - Using 'UTF-8' encoding to copy filtered resources.
2021-05-28 13:08:46,932 [Worker-21: Building] INFO  o.e.m.c.i.embedder.EclipseLogger - skip non existing resourceDirectory C:\Users\Amit\Desktop\QK\qualitykioskstraining-master\qualitykioskstraining-master\TestCasesProject\OrangeHRMAppTestingUsingCucumber\src\test\resources
2021-05-28 13:08:47,651 [Worker-21: Building] INFO  o.e.m.c.i.embedder.EclipseLogger - Using 'UTF-8' encoding to copy filtered resources.
2021-05-28 13:08:47,652 [Worker-21: Building] INFO  o.e.m.c.i.embedder.EclipseLogger - skip non existing resourceDirectory C:\Users\Amit\Desktop\QK\qualitykioskstraining-master\qualitykioskstraining-master\TestCasesProject\OrangeHRMTestCases\src\main\resources
2021-05-28 13:08:47,653 [Worker-21: Building] INFO  o.e.m.c.i.embedder.EclipseLogger - Using 'UTF-8' encoding to copy filtered resources.
2021-05-28 13:08:47,654 [Worker-21: Building] INFO  o.e.m.c.i.embedder.EclipseLogger - skip non existing resourceDirectory C:\Users\Amit\Desktop\QK\qualitykioskstraining-master\qualitykioskstraining-master\TestCasesProject\OrangeHRMTestCases\src\test\resources
2021-05-28 13:10:00,902 [Worker-19: Building] INFO  o.e.m.c.i.embedder.EclipseLogger - Using 'UTF-8' encoding to copy filtered resources.
2021-05-28 13:10:00,903 [Worker-19: Building] INFO  o.e.m.c.i.embedder.EclipseLogger - skip non existing resourceDirectory C:\Users\Amit\Desktop\QK\qualitykioskstraining-master\qualitykioskstraining-master\TestCasesProject\OrangeHRMTestCases\src\main\resources
2021-05-28 13:10:00,906 [Worker-19: Building] INFO  o.e.m.c.i.embedder.EclipseLogger - Using 'UTF-8' encoding to copy filtered resources.
2021-05-28 13:10:00,906 [Worker-19: Building] INFO  o.e.m.c.i.embedder.EclipseLogger - skip non existing resourceDirectory C:\Users\Amit\Desktop\QK\qualitykioskstraining-master\qualitykioskstraining-master\TestCasesProject\OrangeHRMTestCases\src\test\resources
2021-05-28 13:14:30,444 [Worker-2: Loading available Gradle versions] INFO  o.e.b.c.i.u.g.PublishedGradleVersions - Gradle version information cache is up-to-date. Trying to read.
2021-05-28 13:20:25,731 [Worker-2: Building] INFO  o.e.m.c.i.embedder.EclipseLogger - Using 'UTF-8' encoding to copy filtered resources.
2021-05-28 13:20:25,734 [Worker-2: Building] INFO  o.e.m.c.i.embedder.EclipseLogger - skip non existing resourceDirectory C:\Users\Amit\Desktop\QK\qualitykioskstraining-master\qualitykioskstraining-master\TestCasesProject\OrangeHRMTestCases\src\main\resources
2021-05-28 13:20:25,738 [Worker-2: Building] INFO  o.e.m.c.i.embedder.EclipseLogger - Using 'UTF-8' encoding to copy filtered resources.
2021-05-28 13:20:25,738 [Worker-2: Building] INFO  o.e.m.c.i.embedder.EclipseLogger - skip non existing resourceDirectory C:\Users\Amit\Desktop\QK\qualitykioskstraining-master\qualitykioskstraining-master\TestCasesProject\OrangeHRMTestCases\src\test\resources
2021-05-28 13:20:38,941 [Worker-7: Building] INFO  o.e.m.c.i.embedder.EclipseLogger - Using 'UTF-8' encoding to copy filtered resources.
2021-05-28 13:20:38,942 [Worker-7: Building] INFO  o.e.m.c.i.embedder.EclipseLogger - skip non existing resourceDirectory C:\Users\Amit\Desktop\QK\qualitykioskstraining-master\qualitykioskstraining-master\TestCasesProject\OrangeHRMTestCases\src\main\resources
2021-05-28 13:20:38,944 [Worker-7: Building] INFO  o.e.m.c.i.embedder.EclipseLogger - Using 'UTF-8' encoding to copy filtered resources.
2021-05-28 13:20:38,945 [Worker-7: Building] INFO  o.e.m.c.i.embedder.EclipseLogger - skip non existing resourceDirectory C:\Users\Amit\Desktop\QK\qualitykioskstraining-master\qualitykioskstraining-master\TestCasesProject\OrangeHRMTestCases\src\test\resources
2021-05-28 13:21:23,267 [Worker-17: Building] INFO  o.e.m.c.i.embedder.EclipseLogger - Using 'UTF-8' encoding to copy filtered resources.
2021-05-28 13:21:23,268 [Worker-17: Building] INFO  o.e.m.c.i.embedder.EclipseLogger - skip non existing resourceDirectory C:\Users\Amit\Desktop\QK\qualitykioskstraining-master\qualitykioskstraining-master\TestCasesProject\OrangeHRMTestCases\src\main\resources
2021-05-28 13:21:23,270 [Worker-17: Building] INFO  o.e.m.c.i.embedder.EclipseLogger - Using 'UTF-8' encoding to copy filtered resources.
2021-05-28 13:21:23,270 [Worker-17: Building] INFO  o.e.m.c.i.embedder.EclipseLogger - skip non existing resourceDirectory C:\Users\Amit\Desktop\QK\qualitykioskstraining-master\qualitykioskstraining-master\TestCasesProject\OrangeHRMTestCases\src\test\resources
2021-05-28 13:21:29,686 [Worker-7: Building] INFO  o.e.m.c.i.embedder.EclipseLogger - Using 'UTF-8' encoding to copy filtered resources.
2021-05-28 13:21:29,687 [Worker-7: Building] INFO  o.e.m.c.i.embedder.EclipseLogger - skip non existing resourceDirectory C:\Users\Amit\Desktop\QK\qualitykioskstraining-master\qualitykioskstraining-master\TestCasesProject\OrangeHRMTestCases\src\main\resources
2021-05-28 13:21:29,689 [Worker-7: Building] INFO  o.e.m.c.i.embedder.EclipseLogger - Using 'UTF-8' encoding to copy filtered resources.
2021-05-28 13:21:29,689 [Worker-7: Building] INFO  o.e.m.c.i.embedder.EclipseLogger - skip non existing resourceDirectory C:\Users\Amit\Desktop\QK\qualitykioskstraining-master\qualitykioskstraining-master\TestCasesProject\OrangeHRMTestCases\src\test\resources
2021-05-28 13:23:31,871 [Worker-2: Loading available Gradle versions] INFO  o.e.b.c.i.u.g.PublishedGradleVersions - Gradle version information cache is up-to-date. Trying to read.
2021-05-28 13:23:39,667 [Worker-4: Building] INFO  o.e.m.c.i.embedder.EclipseLogger - Using 'UTF-8' encoding to copy filtered resources.
2021-05-28 13:23:39,668 [Worker-4: Building] INFO  o.e.m.c.i.embedder.EclipseLogger - skip non existing resourceDirectory C:\Users\Amit\Desktop\QK\qualitykioskstraining-master\qualitykioskstraining-master\TestCasesProject\OrangeHRMTestCases\src\main\resources
2021-05-28 13:23:39,675 [Worker-4: Building] INFO  o.e.m.c.i.embedder.EclipseLogger - Using 'UTF-8' encoding to copy filtered resources.
2021-05-28 13:23:39,676 [Worker-4: Building] INFO  o.e.m.c.i.embedder.EclipseLogger - skip non existing resourceDirectory C:\Users\Amit\Desktop\QK\qualitykioskstraining-master\qualitykioskstraining-master\TestCasesProject\OrangeHRMTestCases\src\test\resources
2021-05-28 13:25:40,697 [Worker-17: Building] INFO  o.e.m.c.i.embedder.EclipseLogger - Using 'UTF-8' encoding to copy filtered resources.
2021-05-28 13:25:40,697 [Worker-17: Building] INFO  o.e.m.c.i.embedder.EclipseLogger - skip non existing resourceDirectory C:\Users\Amit\Desktop\QK\qualitykioskstraining-master\qualitykioskstraining-master\TestCasesProject\OrangeHRMTestCases\src\main\resources
2021-05-28 13:25:40,699 [Worker-17: Building] INFO  o.e.m.c.i.embedder.EclipseLogger - Using 'UTF-8' encoding to copy filtered resources.
2021-05-28 13:25:40,700 [Worker-17: Building] INFO  o.e.m.c.i.embedder.EclipseLogger - skip non existing resourceDirectory C:\Users\Amit\Desktop\QK\qualitykioskstraining-master\qualitykioskstraining-master\TestCasesProject\OrangeHRMTestCases\src\test\resources
2021-05-28 13:32:34,046 [Worker-22: Building] INFO  o.e.m.c.i.l.LifecycleMappingFactory - Using org.eclipse.m2e.jdt.JarLifecycleMapping lifecycle mapping for MavenProject: QualityKiosksTraining:OrangeHRMTestCases:1.0 @ C:\Users\Amit\Desktop\QK\qualitykioskstraining-master\qualitykioskstraining-master\TestCasesProject\OrangeHRMTestCases\pom.xml.
2021-05-28 13:32:34,757 [Worker-22: Building] INFO  o.e.m.c.i.embedder.EclipseLogger - Using 'UTF-8' encoding to copy filtered resources.
2021-05-28 13:32:34,758 [Worker-22: Building] INFO  o.e.m.c.i.embedder.EclipseLogger - skip non existing resourceDirectory C:\Users\Amit\Desktop\QK\qualitykioskstraining-master\qualitykioskstraining-master\TestCasesProject\OrangeHRMTestCases\src\main\resources
2021-05-28 13:32:34,764 [Worker-22: Building] INFO  o.e.m.c.i.embedder.EclipseLogger - Using 'UTF-8' encoding to copy filtered resources.
2021-05-28 13:32:34,764 [Worker-22: Building] INFO  o.e.m.c.i.embedder.EclipseLogger - skip non existing resourceDirectory C:\Users\Amit\Desktop\QK\qualitykioskstraining-master\qualitykioskstraining-master\TestCasesProject\OrangeHRMTestCases\src\test\resources
2021-05-28 13:32:36,852 [Worker-24: Building] INFO  o.e.m.c.i.embedder.EclipseLogger - Using 'UTF-8' encoding to copy filtered resources.
2021-05-28 13:32:36,852 [Worker-24: Building] INFO  o.e.m.c.i.embedder.EclipseLogger - skip non existing resourceDirectory C:\Users\Amit\Desktop\QK\qualitykioskstraining-master\qualitykioskstraining-master\TestCasesProject\OrangeHRMTestCases\src\main\resources
2021-05-28 13:32:36,854 [Worker-24: Building] INFO  o.e.m.c.i.embedder.EclipseLogger - Using 'UTF-8' encoding to copy filtered resources.
2021-05-28 13:32:36,855 [Worker-24: Building] INFO  o.e.m.c.i.embedder.EclipseLogger - skip non existing resourceDirectory C:\Users\Amit\Desktop\QK\qualitykioskstraining-master\qualitykioskstraining-master\TestCasesProject\OrangeHRMTestCases\src\test\resources
2021-05-28 13:32:43,555 [Worker-24: Building] INFO  o.e.m.c.i.l.LifecycleMappingFactory - Using org.eclipse.m2e.jdt.JarLifecycleMapping lifecycle mapping for MavenProject: QualityKiosksTraining:OrangeHRMAppTestingUsingCucumber:1.0 @ C:\Users\Amit\Desktop\QK\qualitykioskstraining-master\qualitykioskstraining-master\TestCasesProject\OrangeHRMAppTestingUsingCucumber\pom.xml.
2021-05-28 13:32:43,930 [Worker-24: Building] INFO  o.e.m.c.i.embedder.EclipseLogger - Using 'UTF-8' encoding to copy filtered resources.
2021-05-28 13:32:43,930 [Worker-24: Building] INFO  o.e.m.c.i.embedder.EclipseLogger - skip non existing resourceDirectory C:\Users\Amit\Desktop\QK\qualitykioskstraining-master\qualitykioskstraining-master\TestCasesProject\OrangeHRMAppTestingUsingCucumber\src\main\resources
2021-05-28 13:32:43,932 [Worker-24: Building] INFO  o.e.m.c.i.embedder.EclipseLogger - Using 'UTF-8' encoding to copy filtered resources.
2021-05-28 13:32:43,932 [Worker-24: Building] INFO  o.e.m.c.i.embedder.EclipseLogger - skip non existing resourceDirectory C:\Users\Amit\Desktop\QK\qualitykioskstraining-master\qualitykioskstraining-master\TestCasesProject\OrangeHRMAppTestingUsingCucumber\src\test\resources
2021-05-28 13:32:45,556 [Worker-2: Building] INFO  o.e.m.c.i.embedder.EclipseLogger - Using 'UTF-8' encoding to copy filtered resources.
2021-05-28 13:32:45,556 [Worker-2: Building] INFO  o.e.m.c.i.embedder.EclipseLogger - skip non existing resourceDirectory C:\Users\Amit\Desktop\QK\qualitykioskstraining-master\qualitykioskstraining-master\TestCasesProject\OrangeHRMAppTestingUsingCucumber\src\main\resources
2021-05-28 13:32:45,558 [Worker-2: Building] INFO  o.e.m.c.i.embedder.EclipseLogger - Using 'UTF-8' encoding to copy filtered resources.
2021-05-28 13:32:45,558 [Worker-2: Building] INFO  o.e.m.c.i.embedder.EclipseLogger - skip non existing resourceDirectory C:\Users\Amit\Desktop\QK\qualitykioskstraining-master\qualitykioskstraining-master\TestCasesProject\OrangeHRMAppTestingUsingCucumber\src\test\resources
2021-05-28 13:32:52,342 [Worker-22: Updating Maven Project] INFO  o.e.m.c.i.p.ProjectConfigurationManager - Update started
2021-05-28 13:32:52,816 [Worker-22: Updating Maven Project] INFO  o.e.m.c.i.l.LifecycleMappingFactory - Using org.eclipse.m2e.jdt.JarLifecycleMapping lifecycle mapping for MavenProject: QualityKiosksTraining:OrangeHRMAppTestingUsingCucumber:1.0 @ C:\Users\Amit\Desktop\QK\qualitykioskstraining-master\qualitykioskstraining-master\TestCasesProject\OrangeHRMAppTestingUsingCucumber\pom.xml.
2021-05-28 13:32:53,062 [Worker-22: Updating Maven Project] INFO  o.e.m.c.i.l.LifecycleMappingFactory - Using org.eclipse.m2e.jdt.JarLifecycleMapping lifecycle mapping for MavenProject: QualityKiosksTraining:OrangeHRMTestCases:1.0 @ C:\Users\Amit\Desktop\QK\qualitykioskstraining-master\qualitykioskstraining-master\TestCasesProject\OrangeHRMTestCases\pom.xml.
2021-05-28 13:32:53,648 [Worker-22: Updating Maven Project] INFO  o.e.m.j.i.AbstractJavaProjectConfigurator - Adding source folder /OrangeHRMAppTestingUsingCucumber/src/main/java
2021-05-28 13:32:53,649 [Worker-22: Updating Maven Project] INFO  o.e.m.j.i.AbstractJavaProjectConfigurator - Adding source folder /OrangeHRMAppTestingUsingCucumber/src/test/java
2021-05-28 13:32:54,036 [Worker-22: Updating Maven Project] INFO  o.e.m.j.i.AbstractJavaProjectConfigurator - Adding source folder /OrangeHRMTestCases/src/main/java
2021-05-28 13:32:54,037 [Worker-22: Updating Maven Project] INFO  o.e.m.j.i.AbstractJavaProjectConfigurator - Adding source folder /OrangeHRMTestCases/src/test/java
2021-05-28 13:32:54,443 [Worker-22: Updating Maven Project] INFO  o.e.m.c.i.p.ProjectConfigurationManager - Update completed: 2 sec
2021-05-28 13:32:54,926 [Worker-0: Building] INFO  o.e.m.c.i.embedder.EclipseLogger - Using 'UTF-8' encoding to copy filtered resources.
2021-05-28 13:32:54,927 [Worker-0: Building] INFO  o.e.m.c.i.embedder.EclipseLogger - skip non existing resourceDirectory C:\Users\Amit\Desktop\QK\qualitykioskstraining-master\qualitykioskstraining-master\TestCasesProject\OrangeHRMAppTestingUsingCucumber\src\main\resources
2021-05-28 13:32:54,932 [Worker-0: Building] INFO  o.e.m.c.i.embedder.EclipseLogger - Using 'UTF-8' encoding to copy filtered resources.
2021-05-28 13:32:54,933 [Worker-0: Building] INFO  o.e.m.c.i.embedder.EclipseLogger - skip non existing resourceDirectory C:\Users\Amit\Desktop\QK\qualitykioskstraining-master\qualitykioskstraining-master\TestCasesProject\OrangeHRMAppTestingUsingCucumber\src\test\resources
2021-05-28 13:32:55,601 [Worker-0: Building] INFO  o.e.m.c.i.embedder.EclipseLogger - Using 'UTF-8' encoding to copy filtered resources.
2021-05-28 13:32:55,602 [Worker-0: Building] INFO  o.e.m.c.i.embedder.EclipseLogger - skip non existing resourceDirectory C:\Users\Amit\Desktop\QK\qualitykioskstraining-master\qualitykioskstraining-master\TestCasesProject\OrangeHRMTestCases\src\main\resources
2021-05-28 13:32:55,605 [Worker-0: Building] INFO  o.e.m.c.i.embedder.EclipseLogger - Using 'UTF-8' encoding to copy filtered resources.
2021-05-28 13:32:55,605 [Worker-0: Building] INFO  o.e.m.c.i.embedder.EclipseLogger - skip non existing resourceDirectory C:\Users\Amit\Desktop\QK\qualitykioskstraining-master\qualitykioskstraining-master\TestCasesProject\OrangeHRMTestCases\src\test\resources
2021-05-28 13:37:15,247 [Worker-3: Loading available Gradle versions] INFO  o.e.b.c.i.u.g.PublishedGradleVersions - Gradle version information cache is up-to-date. Trying to read.
2021-05-28 13:37:21,869 [Worker-3: Building] INFO  o.e.m.c.i.l.LifecycleMappingFactory - Using org.eclipse.m2e.jdt.JarLifecycleMapping lifecycle mapping for MavenProject: QualityKiosksTraining:OrangeHRMAppTestingUsingCucumber:1.0 @ C:\Users\Amit\Desktop\Framework\TestCasesProject\OrangeHRMAppTestingUsingCucumber\pom.xml.
2021-05-28 13:37:25,017 [Worker-3: Building] INFO  o.e.m.c.i.embedder.EclipseLogger - Using 'UTF-8' encoding to copy filtered resources.
2021-05-28 13:37:25,019 [Worker-3: Building] INFO  o.e.m.c.i.embedder.EclipseLogger - skip non existing resourceDirectory C:\Users\Amit\Desktop\Framework\TestCasesProject\OrangeHRMAppTestingUsingCucumber\src\main\resources
2021-05-28 13:37:25,030 [Worker-3: Building] INFO  o.e.m.c.i.embedder.EclipseLogger - Using 'UTF-8' encoding to copy filtered resources.
2021-05-28 13:37:25,030 [Worker-3: Building] INFO  o.e.m.c.i.embedder.EclipseLogger - skip non existing resourceDirectory C:\Users\Amit\Desktop\Framework\TestCasesProject\OrangeHRMAppTestingUsingCucumber\src\test\resources
2021-05-28 13:37:25,756 [Worker-3: Building] INFO  o.e.m.c.i.l.LifecycleMappingFactory - Using org.eclipse.m2e.jdt.JarLifecycleMapping lifecycle mapping for MavenProject: QualityKiosksTraining:OrangeHRMTestCases:1.0 @ C:\Users\Amit\Desktop\Framework\TestCasesProject\OrangeHRMTestCases\pom.xml.
2021-05-28 13:37:26,859 [Worker-3: Building] INFO  o.e.m.c.i.embedder.EclipseLogger - Using 'UTF-8' encoding to copy filtered resources.
2021-05-28 13:37:26,860 [Worker-3: Building] INFO  o.e.m.c.i.embedder.EclipseLogger - skip non existing resourceDirectory C:\Users\Amit\Desktop\Framework\TestCasesProject\OrangeHRMTestCases\src\main\resources
2021-05-28 13:37:26,865 [Worker-3: Building] INFO  o.e.m.c.i.embedder.EclipseLogger - Using 'UTF-8' encoding to copy filtered resources.
2021-05-28 13:37:26,866 [Worker-3: Building] INFO  o.e.m.c.i.embedder.EclipseLogger - skip non existing resourceDirectory C:\Users\Amit\Desktop\Framework\TestCasesProject\OrangeHRMTestCases\src\test\resources
2021-05-28 13:38:24,836 [Worker-12: Building] INFO  o.e.m.c.i.embedder.EclipseLogger - Using 'UTF-8' encoding to copy filtered resources.
2021-05-28 13:38:24,837 [Worker-12: Building] INFO  o.e.m.c.i.embedder.EclipseLogger - skip non existing resourceDirectory C:\Users\Amit\Desktop\Framework\TestCasesProject\OrangeHRMTestCases\src\main\resources
2021-05-28 13:38:24,841 [Worker-12: Building] INFO  o.e.m.c.i.embedder.EclipseLogger - Using 'UTF-8' encoding to copy filtered resources.
2021-05-28 13:38:24,841 [Worker-12: Building] INFO  o.e.m.c.i.embedder.EclipseLogger - skip non existing resourceDirectory C:\Users\Amit\Desktop\Framework\TestCasesProject\OrangeHRMTestCases\src\test\resources
2021-05-28 13:38:41,804 [Worker-11: Building] INFO  o.e.m.c.i.embedder.EclipseLogger - Using 'UTF-8' encoding to copy filtered resources.
2021-05-28 13:38:41,804 [Worker-11: Building] INFO  o.e.m.c.i.embedder.EclipseLogger - skip non existing resourceDirectory C:\Users\Amit\Desktop\Framework\TestCasesProject\OrangeHRMTestCases\src\main\resources
2021-05-28 13:38:41,807 [Worker-11: Building] INFO  o.e.m.c.i.embedder.EclipseLogger - Using 'UTF-8' encoding to copy filtered resources.
2021-05-28 13:38:41,807 [Worker-11: Building] INFO  o.e.m.c.i.embedder.EclipseLogger - skip non existing resourceDirectory C:\Users\Amit\Desktop\Framework\TestCasesProject\OrangeHRMTestCases\src\test\resources
2021-05-28 13:39:05,130 [Worker-9: Building] INFO  o.e.m.c.i.l.LifecycleMappingFactory - Using org.eclipse.m2e.jdt.JarLifecycleMapping lifecycle mapping for MavenProject: QualityKiosksTraining:OrangeHRMTestCases:1.0 @ C:\Users\Amit\Desktop\Framework\TestCasesProject\OrangeHRMTestCases\pom.xml.
2021-05-28 13:39:05,636 [Worker-9: Building] INFO  o.e.m.c.i.embedder.EclipseLogger - Using 'UTF-8' encoding to copy filtered resources.
2021-05-28 13:39:05,636 [Worker-9: Building] INFO  o.e.m.c.i.embedder.EclipseLogger - skip non existing resourceDirectory C:\Users\Amit\Desktop\Framework\TestCasesProject\OrangeHRMTestCases\src\main\resources
2021-05-28 13:39:05,638 [Worker-9: Building] INFO  o.e.m.c.i.embedder.EclipseLogger - Using 'UTF-8' encoding to copy filtered resources.
2021-05-28 13:39:05,638 [Worker-9: Building] INFO  o.e.m.c.i.embedder.EclipseLogger - skip non existing resourceDirectory C:\Users\Amit\Desktop\Framework\TestCasesProject\OrangeHRMTestCases\src\test\resources
2021-05-28 13:39:07,110 [Worker-20: Building] INFO  o.e.m.c.i.embedder.EclipseLogger - Using 'UTF-8' encoding to copy filtered resources.
2021-05-28 13:39:07,111 [Worker-20: Building] INFO  o.e.m.c.i.embedder.EclipseLogger - skip non existing resourceDirectory C:\Users\Amit\Desktop\Framework\TestCasesProject\OrangeHRMTestCases\src\main\resources
2021-05-28 13:39:07,115 [Worker-20: Building] INFO  o.e.m.c.i.embedder.EclipseLogger - Using 'UTF-8' encoding to copy filtered resources.
2021-05-28 13:39:07,116 [Worker-20: Building] INFO  o.e.m.c.i.embedder.EclipseLogger - skip non existing resourceDirectory C:\Users\Amit\Desktop\Framework\TestCasesProject\OrangeHRMTestCases\src\test\resources
2021-05-28 13:39:10,716 [Worker-18: Building] INFO  o.e.m.c.i.l.LifecycleMappingFactory - Using org.eclipse.m2e.jdt.JarLifecycleMapping lifecycle mapping for MavenProject: QualityKiosksTraining:OrangeHRMAppTestingUsingCucumber:1.0 @ C:\Users\Amit\Desktop\Framework\TestCasesProject\OrangeHRMAppTestingUsingCucumber\pom.xml.
2021-05-28 13:39:11,138 [Worker-18: Building] INFO  o.e.m.c.i.embedder.EclipseLogger - Using 'UTF-8' encoding to copy filtered resources.
2021-05-28 13:39:11,139 [Worker-18: Building] INFO  o.e.m.c.i.embedder.EclipseLogger - skip non existing resourceDirectory C:\Users\Amit\Desktop\Framework\TestCasesProject\OrangeHRMAppTestingUsingCucumber\src\main\resources
2021-05-28 13:39:11,141 [Worker-18: Building] INFO  o.e.m.c.i.embedder.EclipseLogger - Using 'UTF-8' encoding to copy filtered resources.
2021-05-28 13:39:11,141 [Worker-18: Building] INFO  o.e.m.c.i.embedder.EclipseLogger - skip non existing resourceDirectory C:\Users\Amit\Desktop\Framework\TestCasesProject\OrangeHRMAppTestingUsingCucumber\src\test\resources
2021-05-28 13:39:12,641 [Worker-1: Building] INFO  o.e.m.c.i.embedder.EclipseLogger - Using 'UTF-8' encoding to copy filtered resources.
2021-05-28 13:39:12,642 [Worker-1: Building] INFO  o.e.m.c.i.embedder.EclipseLogger - skip non existing resourceDirectory C:\Users\Amit\Desktop\Framework\TestCasesProject\OrangeHRMAppTestingUsingCucumber\src\main\resources
2021-05-28 13:39:12,647 [Worker-1: Building] INFO  o.e.m.c.i.embedder.EclipseLogger - Using 'UTF-8' encoding to copy filtered resources.
2021-05-28 13:39:12,647 [Worker-1: Building] INFO  o.e.m.c.i.embedder.EclipseLogger - skip non existing resourceDirectory C:\Users\Amit\Desktop\Framework\TestCasesProject\OrangeHRMAppTestingUsingCucumber\src\test\resources
2021-05-28 13:41:02,257 [Worker-9: Building] INFO  o.e.m.c.i.embedder.EclipseLogger - Using 'UTF-8' encoding to copy filtered resources.
2021-05-28 13:41:02,257 [Worker-9: Building] INFO  o.e.m.c.i.embedder.EclipseLogger - skip non existing resourceDirectory C:\Users\Amit\Desktop\Framework\TestCasesProject\OrangeHRMAppTestingUsingCucumber\src\main\resources
2021-05-28 13:41:02,260 [Worker-9: Building] INFO  o.e.m.c.i.embedder.EclipseLogger - Using 'UTF-8' encoding to copy filtered resources.
2021-05-28 13:41:02,260 [Worker-9: Building] INFO  o.e.m.c.i.embedder.EclipseLogger - skip non existing resourceDirectory C:\Users\Amit\Desktop\Framework\TestCasesProject\OrangeHRMAppTestingUsingCucumber\src\test\resources
2021-05-28 13:41:02,373 [Worker-9: Building] INFO  o.e.m.c.i.embedder.EclipseLogger - Using 'UTF-8' encoding to copy filtered resources.
2021-05-28 13:41:02,374 [Worker-9: Building] INFO  o.e.m.c.i.embedder.EclipseLogger - skip non existing resourceDirectory C:\Users\Amit\Desktop\Framework\TestCasesProject\OrangeHRMTestCases\src\main\resources
2021-05-28 13:41:02,376 [Worker-9: Building] INFO  o.e.m.c.i.embedder.EclipseLogger - Using 'UTF-8' encoding to copy filtered resources.
2021-05-28 13:41:02,377 [Worker-9: Building] INFO  o.e.m.c.i.embedder.EclipseLogger - skip non existing resourceDirectory C:\Users\Amit\Desktop\Framework\TestCasesProject\OrangeHRMTestCases\src\test\resources
2021-05-28 13:41:07,914 [Worker-22: Updating Maven Project] INFO  o.e.m.c.i.p.ProjectConfigurationManager - Update started
2021-05-28 13:41:08,364 [Worker-22: Updating Maven Project] INFO  o.e.m.c.i.l.LifecycleMappingFactory - Using org.eclipse.m2e.jdt.JarLifecycleMapping lifecycle mapping for MavenProject: QualityKiosksTraining:OrangeHRMAppTestingUsingCucumber:1.0 @ C:\Users\Amit\Desktop\Framework\TestCasesProject\OrangeHRMAppTestingUsingCucumber\pom.xml.
2021-05-28 13:41:08,543 [Worker-22: Updating Maven Project] INFO  o.e.m.c.i.l.LifecycleMappingFactory - Using org.eclipse.m2e.jdt.JarLifecycleMapping lifecycle mapping for MavenProject: QualityKiosksTraining:OrangeHRMTestCases:1.0 @ C:\Users\Amit\Desktop\Framework\TestCasesProject\OrangeHRMTestCases\pom.xml.
2021-05-28 13:41:09,014 [Worker-22: Updating Maven Project] INFO  o.e.m.j.i.AbstractJavaProjectConfigurator - Adding source folder /OrangeHRMAppTestingUsingCucumber/src/main/java
2021-05-28 13:41:09,015 [Worker-22: Updating Maven Project] INFO  o.e.m.j.i.AbstractJavaProjectConfigurator - Adding source folder /OrangeHRMAppTestingUsingCucumber/src/test/java
2021-05-28 13:41:09,299 [Worker-22: Updating Maven Project] INFO  o.e.m.j.i.AbstractJavaProjectConfigurator - Adding source folder /OrangeHRMTestCases/src/main/java
2021-05-28 13:41:09,300 [Worker-22: Updating Maven Project] INFO  o.e.m.j.i.AbstractJavaProjectConfigurator - Adding source folder /OrangeHRMTestCases/src/test/java
2021-05-28 13:41:09,746 [Worker-22: Updating Maven Project] INFO  o.e.m.c.i.p.ProjectConfigurationManager - Update completed: 1 sec
2021-05-28 13:41:10,139 [Worker-22: Building] INFO  o.e.m.c.i.embedder.EclipseLogger - Using 'UTF-8' encoding to copy filtered resources.
2021-05-28 13:41:10,140 [Worker-22: Building] INFO  o.e.m.c.i.embedder.EclipseLogger - skip non existing resourceDirectory C:\Users\Amit\Desktop\Framework\TestCasesProject\OrangeHRMAppTestingUsingCucumber\src\main\resources
2021-05-28 13:41:10,142 [Worker-22: Building] INFO  o.e.m.c.i.embedder.EclipseLogger - Using 'UTF-8' encoding to copy filtered resources.
2021-05-28 13:41:10,143 [Worker-22: Building] INFO  o.e.m.c.i.embedder.EclipseLogger - skip non existing resourceDirectory C:\Users\Amit\Desktop\Framework\TestCasesProject\OrangeHRMAppTestingUsingCucumber\src\test\resources
2021-05-28 13:41:10,722 [Worker-22: Building] INFO  o.e.m.c.i.embedder.EclipseLogger - Using 'UTF-8' encoding to copy filtered resources.
2021-05-28 13:41:10,722 [Worker-22: Building] INFO  o.e.m.c.i.embedder.EclipseLogger - skip non existing resourceDirectory C:\Users\Amit\Desktop\Framework\TestCasesProject\OrangeHRMTestCases\src\main\resources
2021-05-28 13:41:10,723 [Worker-22: Building] INFO  o.e.m.c.i.embedder.EclipseLogger - Using 'UTF-8' encoding to copy filtered resources.
2021-05-28 13:41:10,724 [Worker-22: Building] INFO  o.e.m.c.i.embedder.EclipseLogger - skip non existing resourceDirectory C:\Users\Amit\Desktop\Framework\TestCasesProject\OrangeHRMTestCases\src\test\resources
2021-05-29 09:03:21,196 [Worker-0: Loading available Gradle versions] INFO  o.e.b.c.i.u.g.PublishedGradleVersions - Gradle version information cache is up-to-date. Trying to read.
2021-05-29 09:19:24,582 [Worker-23: Building] INFO  o.e.m.c.i.embedder.EclipseLogger - Using 'UTF-8' encoding to copy filtered resources.
2021-05-29 09:19:24,583 [Worker-23: Building] INFO  o.e.m.c.i.embedder.EclipseLogger - skip non existing resourceDirectory C:\Users\Amit\Desktop\Framework\TestCasesProject\OrangeHRMTestCases\src\main\resources
2021-05-29 09:19:24,586 [Worker-23: Building] INFO  o.e.m.c.i.embedder.EclipseLogger - Using 'UTF-8' encoding to copy filtered resources.
2021-05-29 09:19:24,587 [Worker-23: Building] INFO  o.e.m.c.i.embedder.EclipseLogger - skip non existing resourceDirectory C:\Users\Amit\Desktop\Framework\TestCasesProject\OrangeHRMTestCases\src\test\resources
2021-05-29 09:20:19,308 [Worker-0: Loading available Gradle versions] INFO  o.e.b.c.i.u.g.PublishedGradleVersions - Gradle version information cache is up-to-date. Trying to read.
2021-05-29 09:20:36,791 [Worker-13: Launching OrangeHRMTestCases_OrangeHRMDemoTestcases.xml] INFO  o.e.m.c.i.embedder.EclipseLogger - Using 'UTF-8' encoding to copy filtered resources.
2021-05-29 09:20:36,792 [Worker-13: Launching OrangeHRMTestCases_OrangeHRMDemoTestcases.xml] INFO  o.e.m.c.i.embedder.EclipseLogger - skip non existing resourceDirectory C:\Users\Amit\Desktop\Framework\TestCasesProject\OrangeHRMTestCases\src\main\resources
2021-05-29 09:20:36,797 [Worker-13: Launching OrangeHRMTestCases_OrangeHRMDemoTestcases.xml] INFO  o.e.m.c.i.embedder.EclipseLogger - Using 'UTF-8' encoding to copy filtered resources.
2021-05-29 09:20:36,797 [Worker-13: Launching OrangeHRMTestCases_OrangeHRMDemoTestcases.xml] INFO  o.e.m.c.i.embedder.EclipseLogger - skip non existing resourceDirectory C:\Users\Amit\Desktop\Framework\TestCasesProject\OrangeHRMTestCases\src\test\resources
2021-05-29 09:24:57,018 [Worker-21: Building] INFO  o.e.m.c.i.l.LifecycleMappingFactory - Using org.eclipse.m2e.jdt.JarLifecycleMapping lifecycle mapping for MavenProject: QualityKiosksTraining:OrangeHRMAppTestingUsingCucumber:1.0 @ C:\Users\Amit\Desktop\Framework\TestCasesProject\OrangeHRMAppTestingUsingCucumber\pom.xml.
2021-05-29 09:24:57,879 [Worker-21: Building] INFO  o.e.m.c.i.embedder.EclipseLogger - Using 'UTF-8' encoding to copy filtered resources.
2021-05-29 09:24:57,880 [Worker-21: Building] INFO  o.e.m.c.i.embedder.EclipseLogger - skip non existing resourceDirectory C:\Users\Amit\Desktop\Framework\TestCasesProject\OrangeHRMAppTestingUsingCucumber\src\main\resources
2021-05-29 09:24:57,883 [Worker-21: Building] INFO  o.e.m.c.i.embedder.EclipseLogger - Using 'UTF-8' encoding to copy filtered resources.
2021-05-29 09:24:57,885 [Worker-21: Building] INFO  o.e.m.c.i.embedder.EclipseLogger - skip non existing resourceDirectory C:\Users\Amit\Desktop\Framework\TestCasesProject\OrangeHRMAppTestingUsingCucumber\src\test\resources
2021-05-29 09:24:59,492 [Worker-19: Building] INFO  o.e.m.c.i.embedder.EclipseLogger - Using 'UTF-8' encoding to copy filtered resources.
2021-05-29 09:24:59,493 [Worker-19: Building] INFO  o.e.m.c.i.embedder.EclipseLogger - skip non existing resourceDirectory C:\Users\Amit\Desktop\Framework\TestCasesProject\OrangeHRMAppTestingUsingCucumber\src\main\resources
2021-05-29 09:24:59,495 [Worker-19: Building] INFO  o.e.m.c.i.embedder.EclipseLogger - Using 'UTF-8' encoding to copy filtered resources.
2021-05-29 09:24:59,496 [Worker-19: Building] INFO  o.e.m.c.i.embedder.EclipseLogger - skip non existing resourceDirectory C:\Users\Amit\Desktop\Framework\TestCasesProject\OrangeHRMAppTestingUsingCucumber\src\test\resources
2021-05-29 09:25:14,823 [Worker-21: Building] INFO  o.e.m.c.i.l.LifecycleMappingFactory - Using org.eclipse.m2e.jdt.JarLifecycleMapping lifecycle mapping for MavenProject: QualityKiosksTraining:OrangeHRMTestCases:1.0 @ C:\Users\Amit\Desktop\Framework\TestCasesProject\OrangeHRMTestCases\pom.xml.
2021-05-29 09:25:15,248 [Worker-21: Building] INFO  o.e.m.c.i.embedder.EclipseLogger - Using 'UTF-8' encoding to copy filtered resources.
2021-05-29 09:25:15,249 [Worker-21: Building] INFO  o.e.m.c.i.embedder.EclipseLogger - skip non existing resourceDirectory C:\Users\Amit\Desktop\Framework\TestCasesProject\OrangeHRMTestCases\src\main\resources
2021-05-29 09:25:15,251 [Worker-21: Building] INFO  o.e.m.c.i.embedder.EclipseLogger - Using 'UTF-8' encoding to copy filtered resources.
2021-05-29 09:25:15,252 [Worker-21: Building] INFO  o.e.m.c.i.embedder.EclipseLogger - skip non existing resourceDirectory C:\Users\Amit\Desktop\Framework\TestCasesProject\OrangeHRMTestCases\src\test\resources
2021-05-29 09:25:16,763 [Worker-19: Building] INFO  o.e.m.c.i.embedder.EclipseLogger - Using 'UTF-8' encoding to copy filtered resources.
2021-05-29 09:25:16,763 [Worker-19: Building] INFO  o.e.m.c.i.embedder.EclipseLogger - skip non existing resourceDirectory C:\Users\Amit\Desktop\Framework\TestCasesProject\OrangeHRMTestCases\src\main\resources
2021-05-29 09:25:16,765 [Worker-19: Building] INFO  o.e.m.c.i.embedder.EclipseLogger - Using 'UTF-8' encoding to copy filtered resources.
2021-05-29 09:25:16,765 [Worker-19: Building] INFO  o.e.m.c.i.embedder.EclipseLogger - skip non existing resourceDirectory C:\Users\Amit\Desktop\Framework\TestCasesProject\OrangeHRMTestCases\src\test\resources
2021-05-29 09:25:37,612 [Worker-19: Building] INFO  o.e.m.c.i.l.LifecycleMappingFactory - Using org.eclipse.m2e.jdt.JarLifecycleMapping lifecycle mapping for MavenProject: QualityKiosksTraining:OrangeHRMAppTestingUsingCucumber:1.0 @ C:\Users\Amit\Desktop\Framework\TestCasesProject\OrangeHRMAppTestingUsingCucumber\pom.xml.
2021-05-29 09:25:38,046 [Worker-19: Building] INFO  o.e.m.c.i.embedder.EclipseLogger - Using 'UTF-8' encoding to copy filtered resources.
2021-05-29 09:25:38,046 [Worker-19: Building] INFO  o.e.m.c.i.embedder.EclipseLogger - skip non existing resourceDirectory C:\Users\Amit\Desktop\Framework\TestCasesProject\OrangeHRMAppTestingUsingCucumber\src\main\resources
2021-05-29 09:25:38,048 [Worker-19: Building] INFO  o.e.m.c.i.embedder.EclipseLogger - Using 'UTF-8' encoding to copy filtered resources.
2021-05-29 09:25:38,049 [Worker-19: Building] INFO  o.e.m.c.i.embedder.EclipseLogger - skip non existing resourceDirectory C:\Users\Amit\Desktop\Framework\TestCasesProject\OrangeHRMAppTestingUsingCucumber\src\test\resources
2021-05-29 09:25:39,496 [Worker-2: Building] INFO  o.e.m.c.i.embedder.EclipseLogger - Using 'UTF-8' encoding to copy filtered resources.
2021-05-29 09:25:39,496 [Worker-2: Building] INFO  o.e.m.c.i.embedder.EclipseLogger - skip non existing resourceDirectory C:\Users\Amit\Desktop\Framework\TestCasesProject\OrangeHRMAppTestingUsingCucumber\src\main\resources
2021-05-29 09:25:39,498 [Worker-2: Building] INFO  o.e.m.c.i.embedder.EclipseLogger - Using 'UTF-8' encoding to copy filtered resources.
2021-05-29 09:25:39,499 [Worker-2: Building] INFO  o.e.m.c.i.embedder.EclipseLogger - skip non existing resourceDirectory C:\Users\Amit\Desktop\Framework\TestCasesProject\OrangeHRMAppTestingUsingCucumber\src\test\resources
2021-05-29 09:27:08,248 [Worker-2: Updating Maven Project] INFO  o.e.m.c.i.p.ProjectConfigurationManager - Update started
2021-05-29 09:27:08,747 [Worker-2: Updating Maven Project] INFO  o.e.m.c.i.l.LifecycleMappingFactory - Using org.eclipse.m2e.jdt.JarLifecycleMapping lifecycle mapping for MavenProject: QualityKiosksTraining:OrangeHRMAppTestingUsingCucumber:1.0 @ C:\Users\Amit\Desktop\Framework\TestCasesProject\OrangeHRMAppTestingUsingCucumber\pom.xml.
2021-05-29 09:27:08,996 [Worker-2: Updating Maven Project] INFO  o.e.m.c.i.l.LifecycleMappingFactory - Using org.eclipse.m2e.jdt.JarLifecycleMapping lifecycle mapping for MavenProject: QualityKiosksTraining:OrangeHRMTestCases:1.0 @ C:\Users\Amit\Desktop\Framework\TestCasesProject\OrangeHRMTestCases\pom.xml.
2021-05-29 09:27:09,884 [Worker-2: Updating Maven Project] INFO  o.e.m.j.i.AbstractJavaProjectConfigurator - Adding source folder /OrangeHRMAppTestingUsingCucumber/src/main/java
2021-05-29 09:27:09,886 [Worker-2: Updating Maven Project] INFO  o.e.m.j.i.AbstractJavaProjectConfigurator - Adding source folder /OrangeHRMAppTestingUsingCucumber/src/test/java
2021-05-29 09:27:10,128 [Worker-2: Updating Maven Project] INFO  o.e.m.j.i.AbstractJavaProjectConfigurator - Adding source folder /OrangeHRMTestCases/src/main/java
2021-05-29 09:27:10,129 [Worker-2: Updating Maven Project] INFO  o.e.m.j.i.AbstractJavaProjectConfigurator - Adding source folder /OrangeHRMTestCases/src/test/java
2021-05-29 09:27:10,514 [Worker-2: Updating Maven Project] INFO  o.e.m.c.i.p.ProjectConfigurationManager - Update completed: 2 sec
2021-05-29 09:27:11,031 [Worker-23: Building] INFO  o.e.m.c.i.embedder.EclipseLogger - Using 'UTF-8' encoding to copy filtered resources.
2021-05-29 09:27:11,032 [Worker-23: Building] INFO  o.e.m.c.i.embedder.EclipseLogger - skip non existing resourceDirectory C:\Users\Amit\Desktop\Framework\TestCasesProject\OrangeHRMAppTestingUsingCucumber\src\main\resources
2021-05-29 09:27:11,035 [Worker-23: Building] INFO  o.e.m.c.i.embedder.EclipseLogger - Using 'UTF-8' encoding to copy filtered resources.
2021-05-29 09:27:11,036 [Worker-23: Building] INFO  o.e.m.c.i.embedder.EclipseLogger - skip non existing resourceDirectory C:\Users\Amit\Desktop\Framework\TestCasesProject\OrangeHRMAppTestingUsingCucumber\src\test\resources
2021-05-29 09:27:11,755 [Worker-23: Building] INFO  o.e.m.c.i.embedder.EclipseLogger - Using 'UTF-8' encoding to copy filtered resources.
2021-05-29 09:27:11,756 [Worker-23: Building] INFO  o.e.m.c.i.embedder.EclipseLogger - skip non existing resourceDirectory C:\Users\Amit\Desktop\Framework\TestCasesProject\OrangeHRMTestCases\src\main\resources
2021-05-29 09:27:11,759 [Worker-23: Building] INFO  o.e.m.c.i.embedder.EclipseLogger - Using 'UTF-8' encoding to copy filtered resources.
2021-05-29 09:27:11,759 [Worker-23: Building] INFO  o.e.m.c.i.embedder.EclipseLogger - skip non existing resourceDirectory C:\Users\Amit\Desktop\Framework\TestCasesProject\OrangeHRMTestCases\src\test\resources
2021-05-29 09:27:16,996 [Worker-25: Building] INFO  o.e.m.c.i.l.LifecycleMappingFactory - Using org.eclipse.m2e.jdt.JarLifecycleMapping lifecycle mapping for MavenProject: QualityKiosksTraining:OrangeHRMAppTestingUsingCucumber:1.0 @ C:\Users\Amit\Desktop\Framework\TestCasesProject\OrangeHRMAppTestingUsingCucumber\pom.xml.
2021-05-29 09:27:17,398 [Worker-25: Building] INFO  o.e.m.c.i.embedder.EclipseLogger - Using 'UTF-8' encoding to copy filtered resources.
2021-05-29 09:27:17,398 [Worker-25: Building] INFO  o.e.m.c.i.embedder.EclipseLogger - skip non existing resourceDirectory C:\Users\Amit\Desktop\Framework\TestCasesProject\OrangeHRMAppTestingUsingCucumber\src\main\resources
2021-05-29 09:27:17,400 [Worker-25: Building] INFO  o.e.m.c.i.embedder.EclipseLogger - Using 'UTF-8' encoding to copy filtered resources.
2021-05-29 09:27:17,401 [Worker-25: Building] INFO  o.e.m.c.i.embedder.EclipseLogger - skip non existing resourceDirectory C:\Users\Amit\Desktop\Framework\TestCasesProject\OrangeHRMAppTestingUsingCucumber\src\test\resources
2021-05-29 09:27:18,882 [Worker-24: Building] INFO  o.e.m.c.i.embedder.EclipseLogger - Using 'UTF-8' encoding to copy filtered resources.
2021-05-29 09:27:18,882 [Worker-24: Building] INFO  o.e.m.c.i.embedder.EclipseLogger - skip non existing resourceDirectory C:\Users\Amit\Desktop\Framework\TestCasesProject\OrangeHRMAppTestingUsingCucumber\src\main\resources
2021-05-29 09:27:18,884 [Worker-24: Building] INFO  o.e.m.c.i.embedder.EclipseLogger - Using 'UTF-8' encoding to copy filtered resources.
2021-05-29 09:27:18,884 [Worker-24: Building] INFO  o.e.m.c.i.embedder.EclipseLogger - skip non existing resourceDirectory C:\Users\Amit\Desktop\Framework\TestCasesProject\OrangeHRMAppTestingUsingCucumber\src\test\resources
2021-05-29 09:27:26,738 [Worker-24: Updating Maven Project] INFO  o.e.m.c.i.p.ProjectConfigurationManager - Update started
2021-05-29 09:27:27,181 [Worker-24: Updating Maven Project] INFO  o.e.m.c.i.l.LifecycleMappingFactory - Using org.eclipse.m2e.jdt.JarLifecycleMapping lifecycle mapping for MavenProject: QualityKiosksTraining:OrangeHRMAppTestingUsingCucumber:1.0 @ C:\Users\Amit\Desktop\Framework\TestCasesProject\OrangeHRMAppTestingUsingCucumber\pom.xml.
2021-05-29 09:27:27,375 [Worker-24: Updating Maven Project] INFO  o.e.m.c.i.l.LifecycleMappingFactory - Using org.eclipse.m2e.jdt.JarLifecycleMapping lifecycle mapping for MavenProject: QualityKiosksTraining:OrangeHRMTestCases:1.0 @ C:\Users\Amit\Desktop\Framework\TestCasesProject\OrangeHRMTestCases\pom.xml.
2021-05-29 09:27:27,930 [Worker-24: Updating Maven Project] INFO  o.e.m.j.i.AbstractJavaProjectConfigurator - Adding source folder /OrangeHRMAppTestingUsingCucumber/src/main/java
2021-05-29 09:27:27,931 [Worker-24: Updating Maven Project] INFO  o.e.m.j.i.AbstractJavaProjectConfigurator - Adding source folder /OrangeHRMAppTestingUsingCucumber/src/test/java
2021-05-29 09:27:28,170 [Worker-24: Updating Maven Project] INFO  o.e.m.j.i.AbstractJavaProjectConfigurator - Adding source folder /OrangeHRMTestCases/src/main/java
2021-05-29 09:27:28,171 [Worker-24: Updating Maven Project] INFO  o.e.m.j.i.AbstractJavaProjectConfigurator - Adding source folder /OrangeHRMTestCases/src/test/java
2021-05-29 09:27:28,616 [Worker-24: Updating Maven Project] INFO  o.e.m.c.i.p.ProjectConfigurationManager - Update completed: 1 sec
2021-05-29 09:27:29,296 [Worker-26: Building] INFO  o.e.m.c.i.embedder.EclipseLogger - Using 'UTF-8' encoding to copy filtered resources.
2021-05-29 09:27:29,296 [Worker-26: Building] INFO  o.e.m.c.i.embedder.EclipseLogger - skip non existing resourceDirectory C:\Users\Amit\Desktop\Framework\TestCasesProject\OrangeHRMAppTestingUsingCucumber\src\main\resources
2021-05-29 09:27:29,300 [Worker-26: Building] INFO  o.e.m.c.i.embedder.EclipseLogger - Using 'UTF-8' encoding to copy filtered resources.
2021-05-29 09:27:29,300 [Worker-26: Building] INFO  o.e.m.c.i.embedder.EclipseLogger - skip non existing resourceDirectory C:\Users\Amit\Desktop\Framework\TestCasesProject\OrangeHRMAppTestingUsingCucumber\src\test\resources
2021-05-29 09:27:30,051 [Worker-26: Building] INFO  o.e.m.c.i.embedder.EclipseLogger - Using 'UTF-8' encoding to copy filtered resources.
2021-05-29 09:27:30,051 [Worker-26: Building] INFO  o.e.m.c.i.embedder.EclipseLogger - skip non existing resourceDirectory C:\Users\Amit\Desktop\Framework\TestCasesProject\OrangeHRMTestCases\src\main\resources
2021-05-29 09:27:30,053 [Worker-26: Building] INFO  o.e.m.c.i.embedder.EclipseLogger - Using 'UTF-8' encoding to copy filtered resources.
2021-05-29 09:27:30,053 [Worker-26: Building] INFO  o.e.m.c.i.embedder.EclipseLogger - skip non existing resourceDirectory C:\Users\Amit\Desktop\Framework\TestCasesProject\OrangeHRMTestCases\src\test\resources
2021-05-29 09:27:34,901 [Worker-2: Building] INFO  o.e.m.c.i.l.LifecycleMappingFactory - Using org.eclipse.m2e.jdt.JarLifecycleMapping lifecycle mapping for MavenProject: QualityKiosksTraining:OrangeHRMTestCases:1.0 @ C:\Users\Amit\Desktop\Framework\TestCasesProject\OrangeHRMTestCases\pom.xml.
2021-05-29 09:27:35,426 [Worker-2: Building] INFO  o.e.m.c.i.embedder.EclipseLogger - Using 'UTF-8' encoding to copy filtered resources.
2021-05-29 09:27:35,426 [Worker-2: Building] INFO  o.e.m.c.i.embedder.EclipseLogger - skip non existing resourceDirectory C:\Users\Amit\Desktop\Framework\TestCasesProject\OrangeHRMTestCases\src\main\resources
2021-05-29 09:27:35,428 [Worker-2: Building] INFO  o.e.m.c.i.embedder.EclipseLogger - Using 'UTF-8' encoding to copy filtered resources.
2021-05-29 09:27:35,429 [Worker-2: Building] INFO  o.e.m.c.i.embedder.EclipseLogger - skip non existing resourceDirectory C:\Users\Amit\Desktop\Framework\TestCasesProject\OrangeHRMTestCases\src\test\resources
2021-05-29 09:27:48,582 [Worker-21: Updating Maven Project] INFO  o.e.m.c.i.p.ProjectConfigurationManager - Update started
2021-05-29 09:27:49,088 [Worker-21: Updating Maven Project] INFO  o.e.m.c.i.l.LifecycleMappingFactory - Using org.eclipse.m2e.jdt.JarLifecycleMapping lifecycle mapping for MavenProject: QualityKiosksTraining:OrangeHRMAppTestingUsingCucumber:1.0 @ C:\Users\Amit\Desktop\Framework\TestCasesProject\OrangeHRMAppTestingUsingCucumber\pom.xml.
2021-05-29 09:27:49,272 [Worker-21: Updating Maven Project] INFO  o.e.m.c.i.l.LifecycleMappingFactory - Using org.eclipse.m2e.jdt.JarLifecycleMapping lifecycle mapping for MavenProject: QualityKiosksTraining:OrangeHRMTestCases:1.0 @ C:\Users\Amit\Desktop\Framework\TestCasesProject\OrangeHRMTestCases\pom.xml.
2021-05-29 09:27:50,052 [Worker-21: Updating Maven Project] INFO  o.e.m.j.i.AbstractJavaProjectConfigurator - Adding source folder /OrangeHRMAppTestingUsingCucumber/src/main/java
2021-05-29 09:27:50,055 [Worker-21: Updating Maven Project] INFO  o.e.m.j.i.AbstractJavaProjectConfigurator - Adding source folder /OrangeHRMAppTestingUsingCucumber/src/test/java
2021-05-29 09:27:50,410 [Worker-21: Updating Maven Project] INFO  o.e.m.j.i.AbstractJavaProjectConfigurator - Adding source folder /OrangeHRMTestCases/src/main/java
2021-05-29 09:27:50,411 [Worker-21: Updating Maven Project] INFO  o.e.m.j.i.AbstractJavaProjectConfigurator - Adding source folder /OrangeHRMTestCases/src/test/java
2021-05-29 09:27:50,891 [Worker-21: Updating Maven Project] INFO  o.e.m.c.i.p.ProjectConfigurationManager - Update completed: 2 sec
2021-05-29 09:27:51,498 [Worker-2: Building] INFO  o.e.m.c.i.embedder.EclipseLogger - Using 'UTF-8' encoding to copy filtered resources.
2021-05-29 09:27:51,499 [Worker-2: Building] INFO  o.e.m.c.i.embedder.EclipseLogger - skip non existing resourceDirectory C:\Users\Amit\Desktop\Framework\TestCasesProject\OrangeHRMAppTestingUsingCucumber\src\main\resources
2021-05-29 09:27:51,502 [Worker-2: Building] INFO  o.e.m.c.i.embedder.EclipseLogger - Using 'UTF-8' encoding to copy filtered resources.
2021-05-29 09:27:51,503 [Worker-2: Building] INFO  o.e.m.c.i.embedder.EclipseLogger - skip non existing resourceDirectory C:\Users\Amit\Desktop\Framework\TestCasesProject\OrangeHRMAppTestingUsingCucumber\src\test\resources
2021-05-29 09:27:52,430 [Worker-2: Building] INFO  o.e.m.c.i.embedder.EclipseLogger - Using 'UTF-8' encoding to copy filtered resources.
2021-05-29 09:27:52,431 [Worker-2: Building] INFO  o.e.m.c.i.embedder.EclipseLogger - skip non existing resourceDirectory C:\Users\Amit\Desktop\Framework\TestCasesProject\OrangeHRMTestCases\src\main\resources
2021-05-29 09:27:52,437 [Worker-2: Building] INFO  o.e.m.c.i.embedder.EclipseLogger - Using 'UTF-8' encoding to copy filtered resources.
